Row: 0 Title: "Flow Improvement Learning Path" Index: Flow_Improvement_Learning_Path
Row: 1 Title: Behavior-Driven Development Index: Behavior-Driven_Development
Row: 2 Title: Continuous Integration Index: Continuous_Integration
Row: 3 Title: Conway's law Index: Conway_s_law
Row: 4 Title: Domain-Driven Design Index: Domain-Driven_Design
Row: 5 Title: Pipeline Steps Index: Pipeline_Steps
Row: 6 Title: Test-Driven Development Index: Test-Driven_Development
Row: 7 Title: Three Ways Index: Three_Ways
Row: 8 Title: Value Stream Mapping Index: Value_Stream_Mapping
Row: 9 Title: Wastes Index: Wastes
Row: 10 Title: Introduction to CD Index: Introduction_to_CD
Row: 11 Title: Goals Index: Goals
Row: 12 Title: CD Maturity Index: CD_Maturity
Row: 13 Title: CD Maturity_Minimums Index: CD_Maturity_Minimums
Row: 14 Title: CD Maturity_Good Index: CD_Maturity_Good
Row: 15 Title: CD Maturity_Continuous Integration Index: CD_Maturity_Continuous_Integration
Row: 16 Title: CD Maturity_Continuous Delivery/Deploy Index: CD_Maturity_Continuous_Delivery_Deploy
Row: 17 Title: Recommended Practices Index: Recommended_Practices
Row: 18 Title: Recommended Practices_Pipeline Index: Recommended_Practices_Pipeline
Row: 19 Title: Recommended Practices_Short CI Cycle Time Index: Recommended_Practices_Short_CI_Cycle_Time
Row: 20 Title: Recommended Practices_Integrate outside the pipeline. Virtualize inside the pipeline Index: Recommended_Practices_Integrate_outside_the_pipeline_Virtualize
Row: 21 Title: Recommended Practices_All test automation pre-commit Index: Recommended_Practices_All_test_automation_pre-commit
Row: 22 Title: Tips Index: Tips
Row: 23 Title: References Index: References
Row: 24 Title: References Index: References
Row: 25 Title: References Index: References
Row: 26 Title: Work Breakdown_Stories without testable acceptance criteria Index: Work_Breakdown_Stories_without_testable_acceptance_criteria
Row: 27 Title: Work Breakdown_Stories too large Index: Work_Breakdown_Stories_too_large
Row: 28 Title: Work Breakdown_No definition of "ready" Index: Work_Breakdown_No_definition_of_ready
Row: 29 Title: Work Breakdown_No definition of "Done" Index: Work_Breakdown_No_definition_of_Done
Row: 30 Title: Team Workflow_Assigning tasks for the sprint Index: Team_Workflow_Assigning_tasks_for_the_sprint
Row: 31 Title: Team Workflow_Co-dependant releases Index: Team_Workflow_Co-dependant_releases
Row: 32 Title: Team Workflow_Handoffs to other teams Index: Team_Workflow_Handoffs_to_other_teams
Row: 33 Title: Team Workflow_Early story refining Index: Team_Workflow_Early_story_refining
Row: 34 Title: Manual test as a stage gate Index: Manual_test_as_a_stage_gate
Row: 35 Title: Meaningless retrospectives Index: Meaningless_retrospectives
Row: 36 Title: Hardening / Testing / Tech Debt Sprints Index: Hardening_Testing_Tech_Debt_Sprints
Row: 37 Title: Moving "resources" on and off teams to meet "demand" Index: Moving_resources_on_and_off_teams_to_meet_demand
Row: 38 Title: One delivery per sprint Index: One_delivery_per_sprint
Row: 39 Title: Skipping demo Index: Skipping_demo
Row: 40 Title: Committing to distant dates Index: Committing_to_distant_dates
Row: 41 Title: Not committing to dates Index: Not_committing_to_dates
Row: 42 Title: Velocity as a measure of productivity Index: Velocity_as_a_measure_of_productivity
Row: 43 Title: CD Anti-Patterns_Work Breakdown Index: CD_Anti-Patterns_Work_Breakdown
Row: 44 Title: CD Anti-Patterns_Workflow Management Index: CD_Anti-Patterns_Workflow_Management
Row: 45 Title: CD Anti-Patterns_Workflow Management Index: CD_Anti-Patterns_Workflow_Management
Row: 46 Title: CD Anti-Patterns_Workflow Management Index: CD_Anti-Patterns_Workflow_Management
Row: 47 Title: CD Anti-Patterns_Teams Index: CD_Anti-Patterns_Teams
Row: 48 Title: CD Anti-Patterns_Testing Process Index: CD_Anti-Patterns_Testing_Process
Row: 49 Title: CD Anti-Patterns_Testing Process Index: CD_Anti-Patterns_Testing_Process
Row: 50 Title: 1. Build a Deployment Pipeline Index: 1_Build_a_Deployment_Pipeline
Row: 51 Title: 1. Build a Deployment Pipeline_Entangled Architecture - Requires Remediation Index: 1_Build_a_Deployment_Pipeline_Entangled_Architecture_-_Requires
Row: 52 Title: 1. Build a Deployment Pipeline_Entangled Architecture - Requires Remediation_Common Entangled Practices Index: 1_Build_a_Deployment_Pipeline_Entangled_Architecture_-_Requires
Row: 53 Title: 1. Build a Deployment Pipeline_Entangled Architecture - Requires Remediation_Improvement Plan Index: 1_Build_a_Deployment_Pipeline_Entangled_Architecture_-_Requires
Row: 54 Title: 1. Build a Deployment Pipeline_Tightly Coupled Architecture - Transitional Index: 1_Build_a_Deployment_Pipeline_Tightly_Coupled_Architecture_-_Tr
Row: 55 Title: 1. Build a Deployment Pipeline_Tightly Coupled Architecture - Transitional_Common Tightly Coupled Practices Index: 1_Build_a_Deployment_Pipeline_Tightly_Coupled_Architecture_-_Tr
Row: 56 Title: 1. Build a Deployment Pipeline_Tightly Coupled Architecture - Transitional_Improvement Plan Index: 1_Build_a_Deployment_Pipeline_Tightly_Coupled_Architecture_-_Tr
Row: 57 Title: 1. Build a Deployment Pipeline_Loosely Coupled Architecture - Goal Index: 1_Build_a_Deployment_Pipeline_Loosely_Coupled_Architecture_-_Go
Row: 58 Title: 1. Build a Deployment Pipeline_Loosely Coupled Architecture - Goal_Common Loosely Coupled Practices Index: 1_Build_a_Deployment_Pipeline_Loosely_Coupled_Architecture_-_Go
Row: 59 Title: 2. Stabilize the Quality Signal Index: 2_Stabilize_the_Quality_Signal
Row: 60 Title: 2. Stabilize the Quality Signal_Remediating Test Instability Index: 2_Stabilize_the_Quality_Signal_Remediating_Test_Instability
Row: 61 Title: 3. Continuous Improvement Index: 3_Continuous_Improvement
Row: 62 Title: References Index: References
Row: 63 Title: Cloud Native checklist Index: Cloud_Native_checklist
Row: 64 Title: Principles and Practices Index: Principles_and_Practices
Row: 65 Title: Principles and Practices_Small, autonomous, highly-cohesive services Index: Principles_and_Practices_Small_autonomous_highly-cohesive_servi
Row: 66 Title: Principles and Practices_Hypermedia-driven service interactions Index: Principles_and_Practices_Hypermedia-driven_service_interactions
Row: 67 Title: Principles and Practices_Modeled around business concepts Index: Principles_and_Practices_Modeled_around_business_concepts
Row: 68 Title: Principles and Practices_Hide internal implementation details Index: Principles_and_Practices_Hide_internal_implementation_details
Row: 69 Title: Principles and Practices_Decentralize everything Index: Principles_and_Practices_Decentralize_everything
Row: 70 Title: Principles and Practices_Deploy independently Index: Principles_and_Practices_Deploy_independently
Row: 71 Title: Principles and Practices_Isolate failure Index: Principles_and_Practices_Isolate_failure
Row: 72 Title: Principles and Practices_Highly observable Index: Principles_and_Practices_Highly_observable
Row: 73 Title: Principles and Practices_Culture of automation Index: Principles_and_Practices_Culture_of_automation
Row: 74 Title: Principles and Practices_References Index: Principles_and_Practices_References
Row: 75 Title: Continuous Delivery Capabilities_Use version control for all production artifacts Index: Continuous_Delivery_Capabilities_Use_version_control_for_all_pr
Row: 76 Title: Continuous Delivery Capabilities_Automate your deployment process Index: Continuous_Delivery_Capabilities_Automate_your_deployment_proce
Row: 77 Title: Continuous Delivery Capabilities_Implement continuous integration Index: Continuous_Delivery_Capabilities_Implement_continuous_integrati
Row: 78 Title: Continuous Delivery Capabilities_Use trunk-based development methods Index: Continuous_Delivery_Capabilities_Use_trunk-based_development_me
Row: 79 Title: Continuous Delivery Capabilities_Implement test automation Index: Continuous_Delivery_Capabilities_Implement_test_automation
Row: 80 Title: Continuous Delivery Capabilities_Support test data management Index: Continuous_Delivery_Capabilities_Support_test_data_management
Row: 81 Title: Continuous Delivery Capabilities_Shift left on security Index: Continuous_Delivery_Capabilities_Shift_left_on_security
Row: 82 Title: Continuous Delivery Capabilities_Implement continuous delivery (CD) Index: Continuous_Delivery_Capabilities_Implement_continuous_delivery
Row: 83 Title: Architecture Capabilities_Use a loosely coupled architecture Index: Architecture_Capabilities_Use_a_loosely_coupled_architecture
Row: 84 Title: Architecture Capabilities_Architect for empowered teams Index: Architecture_Capabilities_Architect_for_empowered_teams
Row: 85 Title: Product and Process Capabilities_Gather and implement customer feedback Index: Product_and_Process_Capabilities_Gather_and_implement_customer
Row: 86 Title: Product and Process Capabilities_Make the flow of work visible through the value stream Index: Product_and_Process_Capabilities_Make_the_flow_of_work_visible
Row: 87 Title: Product and Process Capabilities_Work in small batches Index: Product_and_Process_Capabilities_Work_in_small_batches
Row: 88 Title: Product and Process Capabilities_Foster and enable team experimentation Index: Product_and_Process_Capabilities_Foster_and_enable_team_experim
Row: 89 Title: Lean Management and Monitoring Capabilities_Have a lightweight change approval process Index: Lean_Management_and_Monitoring_Capabilities_Have_a_lightweight
Row: 90 Title: Lean Management and Monitoring Capabilities_Monitor across application and infrastructure to inform business decisions Index: Lean_Management_and_Monitoring_Capabilities_Monitor_across_appl
Row: 91 Title: Lean Management and Monitoring Capabilities_Check system health proactively Index: Lean_Management_and_Monitoring_Capabilities_Check_system_health
Row: 92 Title: Lean Management and Monitoring Capabilities_Improve processes and manage work with work-in-progress (WIP) limits Index: Lean_Management_and_Monitoring_Capabilities_Improve_processes_a
Row: 93 Title: Lean Management and Monitoring Capabilities_Visualize work to monitor quality and communicate throughout the team Index: Lean_Management_and_Monitoring_Capabilities_Visualize_work_to_m
Row: 94 Title: Cultural Capabilities_Support a generative culture (as outlined by Westrum) Index: Cultural_Capabilities_Support_a_generative_culture_as_outlined
Row: 95 Title: Cultural Capabilities_Encourage and support learning Index: Cultural_Capabilities_Encourage_and_support_learning
Row: 96 Title: Cultural Capabilities_Support and facilitate collaboration among teams Index: Cultural_Capabilities_Support_and_facilitate_collaboration_amon
Row: 97 Title: Cultural Capabilities_Provide resources and tools that make work meaningful Index: Cultural_Capabilities_Provide_resources_and_tools_that_make_wor
Row: 98 Title: Cultural Capabilities_Support or embody transformational leadership Index: Cultural_Capabilities_Support_or_embody_transformational_leader
Row: 99 Title: Continuous Delivery Index: Continuous_Delivery
Row: 100 Title: Continuous Deployment Index: Continuous_Deployment
Row: 101 Title: Continuous Integration Index: Continuous_Integration
Row: 102 Title: Hard Dependency Index: Hard_Dependency
Row: 103 Title: Soft Dependency Index: Soft_Dependency
Row: 104 Title: Story Points Index: Story_Points
Row: 105 Title: Toil Index: Toil
Row: 106 Title: Unplanned Work Index: Unplanned_Work
Row: 107 Title: Vertical Sliced Story Index: Vertical_Sliced_Story
Row: 108 Title: WIP Index: WIP
Row: 109 Title: CD Execution Index: CD_Execution
Row: 110 Title: CD Execution_Throughput Index: CD_Execution_Throughput
Row: 111 Title: CD Execution_Stability Index: CD_Execution_Stability
Row: 112 Title: CI Execution Index: CI_Execution
Row: 113 Title: CI Execution_[Integration Frequency](/docs/metrics//integration-frequency): Frequency of code integrating to the trunk. KPI for efficacy of Index: CI_Execution__Integration_Frequency_docs_metrics_integration-fr
Row: 114 Title: CI Execution_[Build Cycle Time](/docs/metrics//build-duration): Time from commit to production deploy. KPI for the stability of the Index: CI_Execution__Build_Cycle_Time_docs_metrics_build-duration_Time
Row: 115 Title: Workflow Management_[Velocity / Throughput](/docs/metrics/velocity): Planning metric to allow the team to predict date ranges for delivery. The Index: Workflow_Management__Velocity_Throughput_docs_metrics_velocity
Row: 116 Title: Workflow Management_[Lead Time](/docs/metrics/lead-time): Total time from when a request is made until it is delivered. KPI for team over-utilization Index: Workflow_Management__Lead_Time_docs_metrics_lead-time_Total_tim
Row: 117 Title: Workflow Management_[Work In Process (WIP)](/docs/metrics//work-in-progress): Key flow metric. Excessive WIP results in rework and delivery delays Index: Workflow_Management__Work_In_Process_WIP_docs_metrics_work-in-p
Row: 118 Title: What is the intended behavior? Index: What_is_the_intended_behavior
Row: 119 Title: How to improve it Index: How_to_improve_it
Row: 120 Title: How to game it Index: How_to_game_it
Row: 121 Title: Guardrail Metrics Index: Guardrail_Metrics
Row: 122 Title: What is the intended behavior? Index: What_is_the_intended_behavior
Row: 123 Title: How to improve it Index: How_to_improve_it
Row: 124 Title: How to game it Index: How_to_game_it
Row: 125 Title: Guardrail Metrics Index: Guardrail_Metrics
Row: 126 Title: What is the intended behavior? Index: What_is_the_intended_behavior
Row: 127 Title: How to improve it Index: How_to_improve_it
Row: 128 Title: How to game it Index: How_to_game_it
Row: 129 Title: Guardrail Metrics Index: Guardrail_Metrics
Row: 130 Title: References Index: References
Row: 131 Title: What is the intended behavior? Index: What_is_the_intended_behavior
Row: 132 Title: How to improve it Index: How_to_improve_it
Row: 133 Title: How to game it Index: How_to_game_it
Row: 134 Title: Guardrail Metrics Index: Guardrail_Metrics
Row: 135 Title: What is the intended behavior? Index: What_is_the_intended_behavior
Row: 136 Title: How to improve it Index: How_to_improve_it
Row: 137 Title: How to game it Index: How_to_game_it
Row: 138 Title: Guardrail Metrics Index: Guardrail_Metrics
Row: 139 Title: What is the intended behavior? Index: What_is_the_intended_behavior
Row: 140 Title: How to improve it Index: How_to_improve_it
Row: 141 Title: How to game it Index: How_to_game_it
Row: 142 Title: Guardrail Metrics Index: Guardrail_Metrics
Row: 143 Title: What is the intended behavior? Index: What_is_the_intended_behavior
Row: 144 Title: How to improve it Index: How_to_improve_it
Row: 145 Title: How to game it Index: How_to_game_it
Row: 146 Title: Guardrail Metrics Index: Guardrail_Metrics
Row: 147 Title: References Index: References
Row: 148 Title: What is the intended behavior? Index: What_is_the_intended_behavior
Row: 149 Title: How to improve it Index: How_to_improve_it
Row: 150 Title: How to game it Index: How_to_game_it
Row: 151 Title: Guardrail Metrics Index: Guardrail_Metrics
Row: 152 Title: Recommended Practices Index: Recommended_Practices
Row: 153 Title: What is the intended behavior? Index: What_is_the_intended_behavior
Row: 154 Title: How to improve it Index: How_to_improve_it
Row: 155 Title: How to game it Index: How_to_game_it
Row: 156 Title: Guardrail Metrics Index: Guardrail_Metrics
Row: 157 Title: References Index: References
Row: 158 Title: What is the intended behavior? Index: What_is_the_intended_behavior
Row: 159 Title: How to improve it Index: How_to_improve_it
Row: 160 Title: How to game it Index: How_to_game_it
Row: 161 Title: Guardrail Metrics Index: Guardrail_Metrics
Row: 162 Title: References Index: References
Row: 163 Title: Organizational Metrics Index: Organizational_Metrics
Row: 164 Title: Organizational Metrics Index: Organizational_Metrics
Row: 165 Title: Organizational Metrics Index: Organizational_Metrics
Row: 166 Title: Team Metrics Index: Team_Metrics
Row: 167 Title: What is the intended behavior? Index: What_is_the_intended_behavior
Row: 168 Title: How to improve it Index: How_to_improve_it
Row: 169 Title: How to game it Index: How_to_game_it
Row: 170 Title: Guardrail Metrics Index: Guardrail_Metrics
Row: 171 Title: Guardrail Metrics_What is the intended behavior? Index: Guardrail_Metrics_What_is_the_intended_behavior
Row: 172 Title: Guardrail Metrics_How to improve it Index: Guardrail_Metrics_How_to_improve_it
Row: 173 Title: Guardrail Metrics_How to game it Index: Guardrail_Metrics_How_to_game_it
Row: 174 Title: Guardrail Metrics_Guardrail Metrics Index: Guardrail_Metrics_Guardrail_Metrics
Row: 175 Title: What is the intended behavior? Index: What_is_the_intended_behavior
Row: 176 Title: How to improve it Index: How_to_improve_it
Row: 177 Title: How to game it Index: How_to_game_it
Row: 178 Title: Guardrail Metrics Index: Guardrail_Metrics
Row: 179 Title: References Index: References
Row: 180 Title: What is the intended behavior? Index: What_is_the_intended_behavior
Row: 181 Title: How to improve it Index: How_to_improve_it
Row: 182 Title: How to game it Index: How_to_game_it
Row: 183 Title: Testing Principles Index: Testing_Principles
Row: 184 Title: Recommended Test Pattern Index: Recommended_Test_Pattern
Row: 185 Title: Recommended Test Pattern_Testing Matrix Index: Recommended_Test_Pattern_Testing_Matrix
Row: 186 Title: Recommended Test Pattern_Testing Anti-patterns Index: Recommended_Test_Pattern_Testing_Anti-patterns
Row: 187 Title: Recommended Test Pattern_Testing Best Practices Index: Recommended_Test_Pattern_Testing_Best_Practices
Row: 188 Title: Test Pattern Resources Index: Test_Pattern_Resources
Row: 189 Title: General Index: General
Row: 190 Title: Use Case Coverage Index: Use_Case_Coverage
Row: 191 Title: Use Case Coverage Index: Use_Case_Coverage
Row: 192 Title: Use Case Coverage Index: Use_Case_Coverage
Row: 193 Title: Use Case Coverage Index: Use_Case_Coverage
Row: 194 Title: Test-First Approach: BDD and TDD Index: Test-First_Approach_BDD_and_TDD
Row: 195 Title: Test-First Approach: BDD and TDD_BDD Index: Test-First_Approach_BDD_and_TDD_BDD
Row: 196 Title: Test-First Approach: BDD and TDD_TDD Index: Test-First_Approach_BDD_and_TDD_TDD
Row: 197 Title: Naming Conventions Index: Naming_Conventions
Row: 198 Title: Naming Conventions_Casing Index: Naming_Conventions_Casing
Row: 199 Title: Naming Conventions_Grouping Index: Naming_Conventions_Grouping
Row: 200 Title: Continuously Assess your Tests Effectiveness Index: Continuously_Assess_your_Tests_Effectiveness
Row: 201 Title: Shift Left Index: Shift_Left
Row: 202 Title: Shift Left_Provider Index: Shift_Left_Provider
Row: 203 Title: Shift Left_Consumer Index: Shift_Left_Consumer
Row: 204 Title: Recommended Best Practices Index: Recommended_Best_Practices
Row: 205 Title: Resources Index: Resources
Row: 206 Title: Examples Index: Examples
Row: 207 Title: Examples_Vertical E2E Tests Index: Examples_Vertical_E2E_Tests
Row: 208 Title: Examples_Horizontal E2E Tests Index: Examples_Horizontal_E2E_Tests
Row: 209 Title: Recommended Best Practices Index: Recommended_Best_Practices
Row: 210 Title: Alternate Terms Index: Alternate_Terms
Row: 211 Title: Resources Index: Resources
Row: 212 Title: Examples Index: Examples
Row: 213 Title: Examples Index: Examples
Row: 214 Title: Examples_Alternate Terms Index: Examples_Alternate_Terms
Row: 215 Title: Recommended Best Practices Index: Recommended_Best_Practices
Row: 216 Title: Alternate Terms Index: Alternate_Terms
Row: 217 Title: Resources Index: Resources
Row: 218 Title: Examples Index: Examples
Row: 219 Title: Recommended Tooling Index: Recommended_Tooling
Row: 220 Title: Recommended Tooling Index: Recommended_Tooling
Row: 221 Title: Glossary_Deterministic Test Index: Glossary_Deterministic_Test
Row: 222 Title: Glossary_Non-deterministic Test Index: Glossary_Non-deterministic_Test
Row: 223 Title: Glossary_Static Test Index: Glossary_Static_Test
Row: 224 Title: Glossary_Unit Test Index: Glossary_Unit_Test
Row: 225 Title: Glossary_Integration Test Index: Glossary_Integration_Test
Row: 226 Title: Glossary_Contract Test Index: Glossary_Contract_Test
Row: 227 Title: Glossary_Functional Test Index: Glossary_Functional_Test
Row: 228 Title: Glossary_End to End Test Index: Glossary_End_to_End_Test
Row: 229 Title: Glossary_Customer Experience Alarms Index: Glossary_Customer_Experience_Alarms
Row: 230 Title: Glossary_Test Doubles Index: Glossary_Test_Doubles
Row: 231 Title: Glossary_Test Doubles Index: Glossary_Test_Doubles
Row: 232 Title: Recommended Best Practices Index: Recommended_Best_Practices
Row: 233 Title: Recommended Best Practices Index: Recommended_Best_Practices
Row: 234 Title: Recommended Best Practices_Service Integration Tests Index: Recommended_Best_Practices_Service_Integration_Tests
Row: 235 Title: Recommended Best Practices_Database Integration Tests Index: Recommended_Best_Practices_Database_Integration_Tests
Row: 236 Title: Recommended Best Practices_Front End Driven Integration Tests Index: Recommended_Best_Practices_Front_End_Driven_Integration_Tests
Row: 237 Title: Alternate Terms Index: Alternate_Terms
Row: 238 Title: Alternate Definitions Index: Alternate_Definitions
Row: 239 Title: Resources Index: Resources
Row: 240 Title: Examples Index: Examples
Row: 241 Title: Recommended Tooling Index: Recommended_Tooling
Row: 242 Title: Principles Index: Principles
Row: 243 Title: Principles_Types of static tests Index: Principles_Types_of_static_tests
Row: 244 Title: Recommended Best Practices Index: Recommended_Best_Practices
Row: 245 Title: Recommended Tooling Index: Recommended_Tooling
Row: 246 Title: Recommended Tooling Index: Recommended_Tooling
Row: 247 Title: Resources Index: Resources
Row: 248 Title: Examples Index: Examples
Row: 249 Title: Recommended Frameworks_Platform Independent Mocking Frameworks Index: Recommended_Frameworks_Platform_Independent_Mocking_Frameworks
Row: 250 Title: Recommended Frameworks_GraphQL Index: Recommended_Frameworks_GraphQL
Row: 251 Title: Recommended Frameworks_Platform Specific_Javascript Index: Recommended_Frameworks_Platform_Specific_Javascript
Row: 252 Title: Recommended Frameworks_Platform Specific_Android Index: Recommended_Frameworks_Platform_Specific_Android
Row: 253 Title: Recommended Frameworks_Platform Specific_iOS Index: Recommended_Frameworks_Platform_Specific_iOS
Row: 254 Title: Recommended Frameworks_Platform Specific_Java (BE) Index: Recommended_Frameworks_Platform_Specific_Java_BE
Row: 255 Title: Recommended Frameworks_Principles Index: Recommended_Frameworks_Principles
Row: 256 Title: Recommended Best Practices Index: Recommended_Best_Practices
Row: 257 Title: Resources Index: Resources
Row: 258 Title: Examples Index: Examples
Row: 259 Title: Examples Index: Examples
Row: 260 Title: Recommended Tooling Index: Recommended_Tooling
Row: 261 Title: Recommended Tooling Index: Recommended_Tooling
Row: 262 Title: Prerequisites Index: Prerequisites
Row: 263 Title: Recommended Practices Index: Recommended_Practices
Row: 264 Title: Identify the source Index: Identify_the_source
Row: 265 Title: Identify the source_Identify Rework Loops Index: Identify_the_source_Identify_Rework_Loops
Row: 266 Title: Identify the source_Identify Wait Time Index: Identify_the_source_Identify_Wait_Time
Row: 267 Title: Outcomes Index: Outcomes
Row: 268 Title: Tips Index: Tips
Row: 269 Title: Value Index: Value
Row: 270 Title: Acceptance Criteria Index: Acceptance_Criteria
Row: 271 Title: References Index: References
Row: 272 Title: References Index: References
Row: 273 Title: Recommended Practices Index: Recommended_Practices
Row: 274 Title: Recommended Practices_Using Acceptance Criteria to Negotiate and Split Index: Recommended_Practices_Using_Acceptance_Criteria_to_Negotiate_an
Row: 275 Title: Recommended Practices_Tips Index: Recommended_Practices_Tips
Row: 276 Title: References Index: References
Row: 277 Title: Recommended Practices Index: Recommended_Practices
Row: 278 Title: Recommended Practices_Tips Index: Recommended_Practices_Tips
Row: 279 Title: Product Goals Index: Product_Goals
Row: 280 Title: Initiatives Index: Initiatives
Row: 281 Title: Epics Index: Epics
Row: 282 Title: Epics_Tips Index: Epics_Tips
Row: 283 Title: Recommended Practices Index: Recommended_Practices
Row: 284 Title: Tips Index: Tips
Row: 285 Title: Program Roadmap Index: Program_Roadmap
Row: 286 Title: Product Roadmap Index: Product_Roadmap
Row: 287 Title: Team Backlog Index: Team_Backlog
Row: 288 Title: Recommended Practices Index: Recommended_Practices
Row: 289 Title: Recommended Practices_Tips Index: Recommended_Practices_Tips
Row: 290 Title: Recommended Practices Index: Recommended_Practices
Row: 291 Title: Recommended Practices_Do not slice by tech stack layer Index: Recommended_Practices_Do_not_slice_by_tech_stack_layer
Row: 292 Title: Recommended Practices_Do not slice by activity Index: Recommended_Practices_Do_not_slice_by_activity
Row: 293 Title: Tips Index: Tips
Row: 294 Title: What does a good task look like? Index: What_does_a_good_task_look_like
Row: 295 Title: What does a good task look like?_Recommended Practices Index: What_does_a_good_task_look_like__Recommended_Practices
Row: 296 Title: What does a good task look like?_Tips Index: What_does_a_good_task_look_like__Tips
Row: 297 Title: Work Breakdown Process Index: Work_Breakdown_Process
Row: 298 Title: Work Breakdown Process Index: Work_Breakdown_Process
Row: 299 Title: Work Breakdown Process_Intake/Product Ideas Index: Work_Breakdown_Process_Intake_Product_Ideas
Row: 300 Title: Work Breakdown Process_Refining Epics/Features into Stories Index: Work_Breakdown_Process_Refining_Epics_Features_into_Stories
Row: 301 Title: Work Breakdown Process_Refining Stories into Development Tasks Index: Work_Breakdown_Process_Refining_Stories_into_Development_Tasks
Row: 302 Title: Work Breakdown Process_Measuring Success Index: Work_Breakdown_Process_Measuring_Success
Row: 303 Title: Make Work Visible Index: Make_Work_Visible
Row: 304 Title: Make Work Visible_Plan Work Index: Make_Work_Visible_Plan_Work
Row: 305 Title: Make Work Visible_Do Work Index: Make_Work_Visible_Do_Work
Row: 306 Title: Make Work Visible_Improve Work Index: Make_Work_Visible_Improve_Work
Row: 307 Title: Make Work Visible_Measuring Your Workflow Index: Make_Work_Visible_Measuring_Your_Workflow
Row: 308 Title: Use Trunk Based Development Index: Use_Trunk_Based_Development
Row: 309 Title: Branching vs. Forking Index: Branching_vs_Forking
Row: 310 Title: Branching vs. Forking_Tips Index: Branching_vs_Forking_Tips
Row: 311 Title: Branching vs. Forking_Common Issues Index: Branching_vs_Forking_Common_Issues
Row: 312 Title: References Index: References
Row: 313 Title: FAQ Index: FAQ
Row: 314 Title: Recommended Practices Index: Recommended_Practices
Row: 315 Title: Tips Index: Tips
Row: 316 Title: References Index: References
Row: 317 Title: Recommended Practices Index: Recommended_Practices
Row: 318 Title: Value Index: Value
Row: 319 Title: Acceptance Criteria Index: Acceptance_Criteria
Row: 320 Title: Why Limit WIP? Index: Why_Limit_WIP
Row: 321 Title: Why Limit WIP?_How do we limit WIP? Index: Why_Limit_WIP__How_do_we_limit_WIP
Row: 322 Title: Why Limit WIP?_Capacity Utilization Index: Why_Limit_WIP__Capacity_Utilization
Row: 323 Title: Why Limit WIP?_Conflicting Priorities Index: Why_Limit_WIP__Conflicting_Priorities
Row: 324 Title: Why Limit WIP?_Tips_Swarming Stories Index: Why_Limit_WIP__Tips_Swarming_Stories
Row: 325 Title: Why Limit WIP?_Tips_Story assignment Index: Why_Limit_WIP__Tips_Story_assignment
Row: 326 Title: References Index: References
Row: 327 Title: Recommended Practices_Successful Retrospectives Index: Recommended_Practices_Successful_Retrospectives
Row: 328 Title: Recommended Practices_Example Retro Outline Index: Recommended_Practices_Example_Retro_Outline
Row: 329 Title: Recommended Practices_Organizing Retros Index: Recommended_Practices_Organizing_Retros
Row: 330 Title: Tips Index: Tips
Row: 331 Title: Known Impediments_"Typical" Retrospectives Index: Known_Impediments__Typical_Retrospectives
Row: 332 Title: Known Impediments_Psychological Safety Index: Known_Impediments_Psychological_Safety
Row: 333 Title: Recommended Practices Index: Recommended_Practices
Row: 334 Title: Tips Index: Tips
Row: 335 Title: References Index: References
Row: 336 Title: References_Cost of Delay Index: References_Cost_of_Delay
Row: 337 Title: References_Capacity Planning Index: References_Capacity_Planning
Row: 338 Title: References_Tips Index: References_Tips
Row: 339 Title: Make use of a Kanban board Index: Make_use_of_a_Kanban_board
Row: 340 Title: Make use of a Kanban board_Building a Kanban Board Index: Make_use_of_a_Kanban_board_Building_a_Kanban_Board
Row: 341 Title: Tips Index: Tips
Row: 342 Title: References Index: References
Row: 0 Title: "Flow Improvement Learning Path" Index: Flow_Improvement_Learning_Path
Row: 1 Title: Behavior-Driven Development Index: Behavior-Driven_Development
Row: 2 Title: Continuous Integration Index: Continuous_Integration
Row: 3 Title: Conway's law Index: Conway_s_law
Row: 4 Title: Domain-Driven Design Index: Domain-Driven_Design
Row: 5 Title: Pipeline Steps Index: Pipeline_Steps
Row: 6 Title: Test-Driven Development Index: Test-Driven_Development
Row: 7 Title: Three Ways Index: Three_Ways
Row: 8 Title: Value Stream Mapping Index: Value_Stream_Mapping
Row: 9 Title: Wastes Index: Wastes
Row: 10 Title: Introduction to CD Index: Introduction_to_CD
Row: 11 Title: Goals Index: Goals
Row: 12 Title: CD Maturity Index: CD_Maturity
Row: 13 Title: CD Maturity_Minimums Index: CD_Maturity_Minimums
Row: 14 Title: CD Maturity_Good Index: CD_Maturity_Good
Row: 15 Title: CD Maturity_Continuous Integration Index: CD_Maturity_Continuous_Integration
Row: 16 Title: CD Maturity_Continuous Delivery/Deploy Index: CD_Maturity_Continuous_Delivery_Deploy
Row: 17 Title: Recommended Practices Index: Recommended_Practices
Row: 18 Title: Recommended Practices_Pipeline Index: Recommended_Practices_Pipeline
Row: 19 Title: Recommended Practices_Short CI Cycle Time Index: Recommended_Practices_Short_CI_Cycle_Time
Row: 20 Title: Recommended Practices_Integrate outside the pipeline. Virtualize inside the pipeline Index: Recommended_Practices_Integrate_outside_the_pipeline_Virtualize
Row: 21 Title: Recommended Practices_All test automation pre-commit Index: Recommended_Practices_All_test_automation_pre-commit
Row: 22 Title: Tips Index: Tips
Row: 23 Title: References Index: References
Row: 24 Title: References Index: References
Row: 25 Title: References Index: References
Row: 26 Title: Work Breakdown_Stories without testable acceptance criteria Index: Work_Breakdown_Stories_without_testable_acceptance_criteria
Row: 27 Title: Work Breakdown_Stories too large Index: Work_Breakdown_Stories_too_large
Row: 28 Title: Work Breakdown_No definition of "ready" Index: Work_Breakdown_No_definition_of_ready
Row: 29 Title: Work Breakdown_No definition of "Done" Index: Work_Breakdown_No_definition_of_Done
Row: 30 Title: Team Workflow_Assigning tasks for the sprint Index: Team_Workflow_Assigning_tasks_for_the_sprint
Row: 31 Title: Team Workflow_Co-dependant releases Index: Team_Workflow_Co-dependant_releases
Row: 32 Title: Team Workflow_Handoffs to other teams Index: Team_Workflow_Handoffs_to_other_teams
Row: 33 Title: Team Workflow_Early story refining Index: Team_Workflow_Early_story_refining
Row: 34 Title: Manual test as a stage gate Index: Manual_test_as_a_stage_gate
Row: 35 Title: Meaningless retrospectives Index: Meaningless_retrospectives
Row: 36 Title: Hardening / Testing / Tech Debt Sprints Index: Hardening_Testing_Tech_Debt_Sprints
Row: 37 Title: Moving "resources" on and off teams to meet "demand" Index: Moving_resources_on_and_off_teams_to_meet_demand
Row: 38 Title: One delivery per sprint Index: One_delivery_per_sprint
Row: 39 Title: Skipping demo Index: Skipping_demo
Row: 40 Title: Committing to distant dates Index: Committing_to_distant_dates
Row: 41 Title: Not committing to dates Index: Not_committing_to_dates
Row: 42 Title: Velocity as a measure of productivity Index: Velocity_as_a_measure_of_productivity
Row: 43 Title: CD Anti-Patterns_Work Breakdown Index: CD_Anti-Patterns_Work_Breakdown
Row: 44 Title: CD Anti-Patterns_Workflow Management Index: CD_Anti-Patterns_Workflow_Management
Row: 45 Title: CD Anti-Patterns_Workflow Management Index: CD_Anti-Patterns_Workflow_Management
Row: 46 Title: CD Anti-Patterns_Workflow Management Index: CD_Anti-Patterns_Workflow_Management
Row: 47 Title: CD Anti-Patterns_Teams Index: CD_Anti-Patterns_Teams
Row: 48 Title: CD Anti-Patterns_Testing Process Index: CD_Anti-Patterns_Testing_Process
Row: 49 Title: CD Anti-Patterns_Testing Process Index: CD_Anti-Patterns_Testing_Process
Row: 50 Title: 1. Build a Deployment Pipeline Index: 1_Build_a_Deployment_Pipeline
Row: 51 Title: 1. Build a Deployment Pipeline_Entangled Architecture - Requires Remediation Index: 1_Build_a_Deployment_Pipeline_Entangled_Architecture_-_Requires
Row: 52 Title: 1. Build a Deployment Pipeline_Entangled Architecture - Requires Remediation_Common Entangled Practices Index: 1_Build_a_Deployment_Pipeline_Entangled_Architecture_-_Requires
Row: 53 Title: 1. Build a Deployment Pipeline_Entangled Architecture - Requires Remediation_Improvement Plan Index: 1_Build_a_Deployment_Pipeline_Entangled_Architecture_-_Requires
Row: 54 Title: 1. Build a Deployment Pipeline_Tightly Coupled Architecture - Transitional Index: 1_Build_a_Deployment_Pipeline_Tightly_Coupled_Architecture_-_Tr
Row: 55 Title: 1. Build a Deployment Pipeline_Tightly Coupled Architecture - Transitional_Common Tightly Coupled Practices Index: 1_Build_a_Deployment_Pipeline_Tightly_Coupled_Architecture_-_Tr
Row: 56 Title: 1. Build a Deployment Pipeline_Tightly Coupled Architecture - Transitional_Improvement Plan Index: 1_Build_a_Deployment_Pipeline_Tightly_Coupled_Architecture_-_Tr
Row: 57 Title: 1. Build a Deployment Pipeline_Loosely Coupled Architecture - Goal Index: 1_Build_a_Deployment_Pipeline_Loosely_Coupled_Architecture_-_Go
Row: 58 Title: 1. Build a Deployment Pipeline_Loosely Coupled Architecture - Goal_Common Loosely Coupled Practices Index: 1_Build_a_Deployment_Pipeline_Loosely_Coupled_Architecture_-_Go
Row: 59 Title: 2. Stabilize the Quality Signal Index: 2_Stabilize_the_Quality_Signal
Row: 60 Title: 2. Stabilize the Quality Signal_Remediating Test Instability Index: 2_Stabilize_the_Quality_Signal_Remediating_Test_Instability
Row: 61 Title: 3. Continuous Improvement Index: 3_Continuous_Improvement
Row: 62 Title: References Index: References
Row: 63 Title: Cloud Native checklist Index: Cloud_Native_checklist
Row: 64 Title: Principles and Practices Index: Principles_and_Practices
Row: 65 Title: Principles and Practices_Small, autonomous, highly-cohesive services Index: Principles_and_Practices_Small_autonomous_highly-cohesive_servi
Row: 66 Title: Principles and Practices_Hypermedia-driven service interactions Index: Principles_and_Practices_Hypermedia-driven_service_interactions
Row: 67 Title: Principles and Practices_Modeled around business concepts Index: Principles_and_Practices_Modeled_around_business_concepts
Row: 68 Title: Principles and Practices_Hide internal implementation details Index: Principles_and_Practices_Hide_internal_implementation_details
Row: 69 Title: Principles and Practices_Decentralize everything Index: Principles_and_Practices_Decentralize_everything
Row: 70 Title: Principles and Practices_Deploy independently Index: Principles_and_Practices_Deploy_independently
Row: 71 Title: Principles and Practices_Isolate failure Index: Principles_and_Practices_Isolate_failure
Row: 72 Title: Principles and Practices_Highly observable Index: Principles_and_Practices_Highly_observable
Row: 73 Title: Principles and Practices_Culture of automation Index: Principles_and_Practices_Culture_of_automation
Row: 74 Title: Principles and Practices_References Index: Principles_and_Practices_References
Row: 75 Title: Continuous Delivery Capabilities_Use version control for all production artifacts Index: Continuous_Delivery_Capabilities_Use_version_control_for_all_pr
Row: 76 Title: Continuous Delivery Capabilities_Automate your deployment process Index: Continuous_Delivery_Capabilities_Automate_your_deployment_proce
Row: 77 Title: Continuous Delivery Capabilities_Implement continuous integration Index: Continuous_Delivery_Capabilities_Implement_continuous_integrati
Row: 78 Title: Continuous Delivery Capabilities_Use trunk-based development methods Index: Continuous_Delivery_Capabilities_Use_trunk-based_development_me
Row: 79 Title: Continuous Delivery Capabilities_Implement test automation Index: Continuous_Delivery_Capabilities_Implement_test_automation
Row: 80 Title: Continuous Delivery Capabilities_Support test data management Index: Continuous_Delivery_Capabilities_Support_test_data_management
Row: 81 Title: Continuous Delivery Capabilities_Shift left on security Index: Continuous_Delivery_Capabilities_Shift_left_on_security
Row: 82 Title: Continuous Delivery Capabilities_Implement continuous delivery (CD) Index: Continuous_Delivery_Capabilities_Implement_continuous_delivery
Row: 83 Title: Architecture Capabilities_Use a loosely coupled architecture Index: Architecture_Capabilities_Use_a_loosely_coupled_architecture
Row: 84 Title: Architecture Capabilities_Architect for empowered teams Index: Architecture_Capabilities_Architect_for_empowered_teams
Row: 85 Title: Product and Process Capabilities_Gather and implement customer feedback Index: Product_and_Process_Capabilities_Gather_and_implement_customer
Row: 86 Title: Product and Process Capabilities_Make the flow of work visible through the value stream Index: Product_and_Process_Capabilities_Make_the_flow_of_work_visible
Row: 87 Title: Product and Process Capabilities_Work in small batches Index: Product_and_Process_Capabilities_Work_in_small_batches
Row: 88 Title: Product and Process Capabilities_Foster and enable team experimentation Index: Product_and_Process_Capabilities_Foster_and_enable_team_experim
Row: 89 Title: Lean Management and Monitoring Capabilities_Have a lightweight change approval process Index: Lean_Management_and_Monitoring_Capabilities_Have_a_lightweight
Row: 90 Title: Lean Management and Monitoring Capabilities_Monitor across application and infrastructure to inform business decisions Index: Lean_Management_and_Monitoring_Capabilities_Monitor_across_appl
Row: 91 Title: Lean Management and Monitoring Capabilities_Check system health proactively Index: Lean_Management_and_Monitoring_Capabilities_Check_system_health
Row: 92 Title: Lean Management and Monitoring Capabilities_Improve processes and manage work with work-in-progress (WIP) limits Index: Lean_Management_and_Monitoring_Capabilities_Improve_processes_a
Row: 93 Title: Lean Management and Monitoring Capabilities_Visualize work to monitor quality and communicate throughout the team Index: Lean_Management_and_Monitoring_Capabilities_Visualize_work_to_m
Row: 94 Title: Cultural Capabilities_Support a generative culture (as outlined by Westrum) Index: Cultural_Capabilities_Support_a_generative_culture_as_outlined
Row: 95 Title: Cultural Capabilities_Encourage and support learning Index: Cultural_Capabilities_Encourage_and_support_learning
Row: 96 Title: Cultural Capabilities_Support and facilitate collaboration among teams Index: Cultural_Capabilities_Support_and_facilitate_collaboration_amon
Row: 97 Title: Cultural Capabilities_Provide resources and tools that make work meaningful Index: Cultural_Capabilities_Provide_resources_and_tools_that_make_wor
Row: 98 Title: Cultural Capabilities_Support or embody transformational leadership Index: Cultural_Capabilities_Support_or_embody_transformational_leader
Row: 99 Title: Continuous Delivery Index: Continuous_Delivery
Row: 100 Title: Continuous Deployment Index: Continuous_Deployment
Row: 101 Title: Continuous Integration Index: Continuous_Integration
Row: 102 Title: Hard Dependency Index: Hard_Dependency
Row: 103 Title: Soft Dependency Index: Soft_Dependency
Row: 104 Title: Story Points Index: Story_Points
Row: 105 Title: Toil Index: Toil
Row: 106 Title: Unplanned Work Index: Unplanned_Work
Row: 107 Title: Vertical Sliced Story Index: Vertical_Sliced_Story
Row: 108 Title: WIP Index: WIP
Row: 109 Title: CD Execution Index: CD_Execution
Row: 110 Title: CD Execution_Throughput Index: CD_Execution_Throughput
Row: 111 Title: CD Execution_Stability Index: CD_Execution_Stability
Row: 112 Title: CI Execution Index: CI_Execution
Row: 113 Title: CI Execution_[Integration Frequency](/docs/metrics//integration-frequency): Frequency of code integrating to the trunk. KPI for efficacy of Index: CI_Execution__Integration_Frequency_docs_metrics_integration-fr
Row: 114 Title: CI Execution_[Build Cycle Time](/docs/metrics//build-duration): Time from commit to production deploy. KPI for the stability of the Index: CI_Execution__Build_Cycle_Time_docs_metrics_build-duration_Time
Row: 115 Title: Workflow Management_[Velocity / Throughput](/docs/metrics/velocity): Planning metric to allow the team to predict date ranges for delivery. The Index: Workflow_Management__Velocity_Throughput_docs_metrics_velocity
Row: 116 Title: Workflow Management_[Lead Time](/docs/metrics/lead-time): Total time from when a request is made until it is delivered. KPI for team over-utilization Index: Workflow_Management__Lead_Time_docs_metrics_lead-time_Total_tim
Row: 117 Title: Workflow Management_[Work In Process (WIP)](/docs/metrics//work-in-progress): Key flow metric. Excessive WIP results in rework and delivery delays Index: Workflow_Management__Work_In_Process_WIP_docs_metrics_work-in-p
Row: 118 Title: What is the intended behavior? Index: What_is_the_intended_behavior
Row: 119 Title: How to improve it Index: How_to_improve_it
Row: 120 Title: How to game it Index: How_to_game_it
Row: 121 Title: Guardrail Metrics Index: Guardrail_Metrics
Row: 122 Title: What is the intended behavior? Index: What_is_the_intended_behavior
Row: 123 Title: How to improve it Index: How_to_improve_it
Row: 124 Title: How to game it Index: How_to_game_it
Row: 125 Title: Guardrail Metrics Index: Guardrail_Metrics
Row: 126 Title: What is the intended behavior? Index: What_is_the_intended_behavior
Row: 127 Title: How to improve it Index: How_to_improve_it
Row: 128 Title: How to game it Index: How_to_game_it
Row: 129 Title: Guardrail Metrics Index: Guardrail_Metrics
Row: 130 Title: References Index: References
Row: 131 Title: What is the intended behavior? Index: What_is_the_intended_behavior
Row: 132 Title: How to improve it Index: How_to_improve_it
Row: 133 Title: How to game it Index: How_to_game_it
Row: 134 Title: Guardrail Metrics Index: Guardrail_Metrics
Row: 135 Title: What is the intended behavior? Index: What_is_the_intended_behavior
Row: 136 Title: How to improve it Index: How_to_improve_it
Row: 137 Title: How to game it Index: How_to_game_it
Row: 138 Title: Guardrail Metrics Index: Guardrail_Metrics
Row: 139 Title: What is the intended behavior? Index: What_is_the_intended_behavior
Row: 140 Title: How to improve it Index: How_to_improve_it
Row: 141 Title: How to game it Index: How_to_game_it
Row: 142 Title: Guardrail Metrics Index: Guardrail_Metrics
Row: 143 Title: What is the intended behavior? Index: What_is_the_intended_behavior
Row: 144 Title: How to improve it Index: How_to_improve_it
Row: 145 Title: How to game it Index: How_to_game_it
Row: 146 Title: Guardrail Metrics Index: Guardrail_Metrics
Row: 147 Title: References Index: References
Row: 148 Title: What is the intended behavior? Index: What_is_the_intended_behavior
Row: 149 Title: How to improve it Index: How_to_improve_it
Row: 150 Title: How to game it Index: How_to_game_it
Row: 151 Title: Guardrail Metrics Index: Guardrail_Metrics
Row: 152 Title: Recommended Practices Index: Recommended_Practices
Row: 153 Title: What is the intended behavior? Index: What_is_the_intended_behavior
Row: 154 Title: How to improve it Index: How_to_improve_it
Row: 155 Title: How to game it Index: How_to_game_it
Row: 156 Title: Guardrail Metrics Index: Guardrail_Metrics
Row: 157 Title: References Index: References
Row: 158 Title: What is the intended behavior? Index: What_is_the_intended_behavior
Row: 159 Title: How to improve it Index: How_to_improve_it
Row: 160 Title: How to game it Index: How_to_game_it
Row: 161 Title: Guardrail Metrics Index: Guardrail_Metrics
Row: 162 Title: References Index: References
Row: 163 Title: Organizational Metrics Index: Organizational_Metrics
Row: 164 Title: Organizational Metrics Index: Organizational_Metrics
Row: 165 Title: Organizational Metrics Index: Organizational_Metrics
Row: 166 Title: Team Metrics Index: Team_Metrics
Row: 167 Title: What is the intended behavior? Index: What_is_the_intended_behavior
Row: 168 Title: How to improve it Index: How_to_improve_it
Row: 169 Title: How to game it Index: How_to_game_it
Row: 170 Title: Guardrail Metrics Index: Guardrail_Metrics
Row: 171 Title: Guardrail Metrics_What is the intended behavior? Index: Guardrail_Metrics_What_is_the_intended_behavior
Row: 172 Title: Guardrail Metrics_How to improve it Index: Guardrail_Metrics_How_to_improve_it
Row: 173 Title: Guardrail Metrics_How to game it Index: Guardrail_Metrics_How_to_game_it
Row: 174 Title: Guardrail Metrics_Guardrail Metrics Index: Guardrail_Metrics_Guardrail_Metrics
Row: 175 Title: What is the intended behavior? Index: What_is_the_intended_behavior
Row: 176 Title: How to improve it Index: How_to_improve_it
Row: 177 Title: How to game it Index: How_to_game_it
Row: 178 Title: Guardrail Metrics Index: Guardrail_Metrics
Row: 179 Title: References Index: References
Row: 180 Title: What is the intended behavior? Index: What_is_the_intended_behavior
Row: 181 Title: How to improve it Index: How_to_improve_it
Row: 182 Title: How to game it Index: How_to_game_it
Row: 183 Title: Testing Principles Index: Testing_Principles
Row: 184 Title: Recommended Test Pattern Index: Recommended_Test_Pattern
Row: 185 Title: Recommended Test Pattern_Testing Matrix Index: Recommended_Test_Pattern_Testing_Matrix
Row: 186 Title: Recommended Test Pattern_Testing Anti-patterns Index: Recommended_Test_Pattern_Testing_Anti-patterns
Row: 187 Title: Recommended Test Pattern_Testing Best Practices Index: Recommended_Test_Pattern_Testing_Best_Practices
Row: 188 Title: Test Pattern Resources Index: Test_Pattern_Resources
Row: 189 Title: General Index: General
Row: 190 Title: Use Case Coverage Index: Use_Case_Coverage
Row: 191 Title: Use Case Coverage Index: Use_Case_Coverage
Row: 192 Title: Use Case Coverage Index: Use_Case_Coverage
Row: 193 Title: Use Case Coverage Index: Use_Case_Coverage
Row: 194 Title: Test-First Approach: BDD and TDD Index: Test-First_Approach_BDD_and_TDD
Row: 195 Title: Test-First Approach: BDD and TDD_BDD Index: Test-First_Approach_BDD_and_TDD_BDD
Row: 196 Title: Test-First Approach: BDD and TDD_TDD Index: Test-First_Approach_BDD_and_TDD_TDD
Row: 197 Title: Naming Conventions Index: Naming_Conventions
Row: 198 Title: Naming Conventions_Casing Index: Naming_Conventions_Casing
Row: 199 Title: Naming Conventions_Grouping Index: Naming_Conventions_Grouping
Row: 200 Title: Continuously Assess your Tests Effectiveness Index: Continuously_Assess_your_Tests_Effectiveness
Row: 201 Title: Shift Left Index: Shift_Left
Row: 202 Title: Shift Left_Provider Index: Shift_Left_Provider
Row: 203 Title: Shift Left_Consumer Index: Shift_Left_Consumer
Row: 204 Title: Recommended Best Practices Index: Recommended_Best_Practices
Row: 205 Title: Resources Index: Resources
Row: 206 Title: Examples Index: Examples
Row: 207 Title: Examples_Vertical E2E Tests Index: Examples_Vertical_E2E_Tests
Row: 208 Title: Examples_Horizontal E2E Tests Index: Examples_Horizontal_E2E_Tests
Row: 209 Title: Recommended Best Practices Index: Recommended_Best_Practices
Row: 210 Title: Alternate Terms Index: Alternate_Terms
Row: 211 Title: Resources Index: Resources
Row: 212 Title: Examples Index: Examples
Row: 213 Title: Examples Index: Examples
Row: 214 Title: Examples_Alternate Terms Index: Examples_Alternate_Terms
Row: 215 Title: Recommended Best Practices Index: Recommended_Best_Practices
Row: 216 Title: Alternate Terms Index: Alternate_Terms
Row: 217 Title: Resources Index: Resources
Row: 218 Title: Examples Index: Examples
Row: 219 Title: Recommended Tooling Index: Recommended_Tooling
Row: 220 Title: Recommended Tooling Index: Recommended_Tooling
Row: 221 Title: Glossary_Deterministic Test Index: Glossary_Deterministic_Test
Row: 222 Title: Glossary_Non-deterministic Test Index: Glossary_Non-deterministic_Test
Row: 223 Title: Glossary_Static Test Index: Glossary_Static_Test
Row: 224 Title: Glossary_Unit Test Index: Glossary_Unit_Test
Row: 225 Title: Glossary_Integration Test Index: Glossary_Integration_Test
Row: 226 Title: Glossary_Contract Test Index: Glossary_Contract_Test
Row: 227 Title: Glossary_Functional Test Index: Glossary_Functional_Test
Row: 228 Title: Glossary_End to End Test Index: Glossary_End_to_End_Test
Row: 229 Title: Glossary_Customer Experience Alarms Index: Glossary_Customer_Experience_Alarms
Row: 230 Title: Glossary_Test Doubles Index: Glossary_Test_Doubles
Row: 231 Title: Glossary_Test Doubles Index: Glossary_Test_Doubles
Row: 232 Title: Recommended Best Practices Index: Recommended_Best_Practices
Row: 233 Title: Recommended Best Practices Index: Recommended_Best_Practices
Row: 234 Title: Recommended Best Practices_Service Integration Tests Index: Recommended_Best_Practices_Service_Integration_Tests
Row: 235 Title: Recommended Best Practices_Database Integration Tests Index: Recommended_Best_Practices_Database_Integration_Tests
Row: 236 Title: Recommended Best Practices_Front End Driven Integration Tests Index: Recommended_Best_Practices_Front_End_Driven_Integration_Tests
Row: 237 Title: Alternate Terms Index: Alternate_Terms
Row: 238 Title: Alternate Definitions Index: Alternate_Definitions
Row: 239 Title: Resources Index: Resources
Row: 240 Title: Examples Index: Examples
Row: 241 Title: Recommended Tooling Index: Recommended_Tooling
Row: 242 Title: Principles Index: Principles
Row: 243 Title: Principles_Types of static tests Index: Principles_Types_of_static_tests
Row: 244 Title: Recommended Best Practices Index: Recommended_Best_Practices
Row: 245 Title: Recommended Tooling Index: Recommended_Tooling
Row: 246 Title: Recommended Tooling Index: Recommended_Tooling
Row: 247 Title: Resources Index: Resources
Row: 248 Title: Examples Index: Examples
Row: 249 Title: Recommended Frameworks_Platform Independent Mocking Frameworks Index: Recommended_Frameworks_Platform_Independent_Mocking_Frameworks
Row: 250 Title: Recommended Frameworks_GraphQL Index: Recommended_Frameworks_GraphQL
Row: 251 Title: Recommended Frameworks_Platform Specific_Javascript Index: Recommended_Frameworks_Platform_Specific_Javascript
Row: 252 Title: Recommended Frameworks_Platform Specific_Android Index: Recommended_Frameworks_Platform_Specific_Android
Row: 253 Title: Recommended Frameworks_Platform Specific_iOS Index: Recommended_Frameworks_Platform_Specific_iOS
Row: 254 Title: Recommended Frameworks_Platform Specific_Java (BE) Index: Recommended_Frameworks_Platform_Specific_Java_BE
Row: 255 Title: Recommended Frameworks_Principles Index: Recommended_Frameworks_Principles
Row: 256 Title: Recommended Best Practices Index: Recommended_Best_Practices
Row: 257 Title: Resources Index: Resources
Row: 258 Title: Examples Index: Examples
Row: 259 Title: Examples Index: Examples
Row: 260 Title: Recommended Tooling Index: Recommended_Tooling
Row: 261 Title: Recommended Tooling Index: Recommended_Tooling
Row: 262 Title: Prerequisites Index: Prerequisites
Row: 263 Title: Recommended Practices Index: Recommended_Practices
Row: 264 Title: Identify the source Index: Identify_the_source
Row: 265 Title: Identify the source_Identify Rework Loops Index: Identify_the_source_Identify_Rework_Loops
Row: 266 Title: Identify the source_Identify Wait Time Index: Identify_the_source_Identify_Wait_Time
Row: 267 Title: Outcomes Index: Outcomes
Row: 268 Title: Tips Index: Tips
Row: 269 Title: Value Index: Value
Row: 270 Title: Acceptance Criteria Index: Acceptance_Criteria
Row: 271 Title: References Index: References
Row: 272 Title: References Index: References
Row: 273 Title: Recommended Practices Index: Recommended_Practices
Row: 274 Title: Recommended Practices_Using Acceptance Criteria to Negotiate and Split Index: Recommended_Practices_Using_Acceptance_Criteria_to_Negotiate_an
Row: 275 Title: Recommended Practices_Tips Index: Recommended_Practices_Tips
Row: 276 Title: References Index: References
Row: 277 Title: Recommended Practices Index: Recommended_Practices
Row: 278 Title: Recommended Practices_Tips Index: Recommended_Practices_Tips
Row: 279 Title: Product Goals Index: Product_Goals
Row: 280 Title: Initiatives Index: Initiatives
Row: 281 Title: Epics Index: Epics
Row: 282 Title: Epics_Tips Index: Epics_Tips
Row: 283 Title: Recommended Practices Index: Recommended_Practices
Row: 284 Title: Tips Index: Tips
Row: 285 Title: Program Roadmap Index: Program_Roadmap
Row: 286 Title: Product Roadmap Index: Product_Roadmap
Row: 287 Title: Team Backlog Index: Team_Backlog
Row: 288 Title: Recommended Practices Index: Recommended_Practices
Row: 289 Title: Recommended Practices_Tips Index: Recommended_Practices_Tips
Row: 290 Title: Recommended Practices Index: Recommended_Practices
Row: 291 Title: Recommended Practices_Do not slice by tech stack layer Index: Recommended_Practices_Do_not_slice_by_tech_stack_layer
Row: 292 Title: Recommended Practices_Do not slice by activity Index: Recommended_Practices_Do_not_slice_by_activity
Row: 293 Title: Tips Index: Tips
Row: 294 Title: What does a good task look like? Index: What_does_a_good_task_look_like
Row: 295 Title: What does a good task look like?_Recommended Practices Index: What_does_a_good_task_look_like__Recommended_Practices
Row: 296 Title: What does a good task look like?_Tips Index: What_does_a_good_task_look_like__Tips
Row: 297 Title: Work Breakdown Process Index: Work_Breakdown_Process
Row: 298 Title: Work Breakdown Process Index: Work_Breakdown_Process
Row: 299 Title: Work Breakdown Process_Intake/Product Ideas Index: Work_Breakdown_Process_Intake_Product_Ideas
Row: 300 Title: Work Breakdown Process_Refining Epics/Features into Stories Index: Work_Breakdown_Process_Refining_Epics_Features_into_Stories
Row: 301 Title: Work Breakdown Process_Refining Stories into Development Tasks Index: Work_Breakdown_Process_Refining_Stories_into_Development_Tasks
Row: 302 Title: Work Breakdown Process_Measuring Success Index: Work_Breakdown_Process_Measuring_Success
Row: 303 Title: Make Work Visible Index: Make_Work_Visible
Row: 304 Title: Make Work Visible_Plan Work Index: Make_Work_Visible_Plan_Work
Row: 305 Title: Make Work Visible_Do Work Index: Make_Work_Visible_Do_Work
Row: 306 Title: Make Work Visible_Improve Work Index: Make_Work_Visible_Improve_Work
Row: 307 Title: Make Work Visible_Measuring Your Workflow Index: Make_Work_Visible_Measuring_Your_Workflow
Row: 308 Title: Use Trunk Based Development Index: Use_Trunk_Based_Development
Row: 309 Title: Branching vs. Forking Index: Branching_vs_Forking
Row: 310 Title: Branching vs. Forking_Tips Index: Branching_vs_Forking_Tips
Row: 311 Title: Branching vs. Forking_Common Issues Index: Branching_vs_Forking_Common_Issues
Row: 312 Title: References Index: References
Row: 313 Title: FAQ Index: FAQ
Row: 314 Title: Recommended Practices Index: Recommended_Practices
Row: 315 Title: Tips Index: Tips
Row: 316 Title: References Index: References
Row: 317 Title: Recommended Practices Index: Recommended_Practices
Row: 318 Title: Value Index: Value
Row: 319 Title: Acceptance Criteria Index: Acceptance_Criteria
Row: 320 Title: Why Limit WIP? Index: Why_Limit_WIP
Row: 321 Title: Why Limit WIP?_How do we limit WIP? Index: Why_Limit_WIP__How_do_we_limit_WIP
Row: 322 Title: Why Limit WIP?_Capacity Utilization Index: Why_Limit_WIP__Capacity_Utilization
Row: 323 Title: Why Limit WIP?_Conflicting Priorities Index: Why_Limit_WIP__Conflicting_Priorities
Row: 324 Title: Why Limit WIP?_Tips_Swarming Stories Index: Why_Limit_WIP__Tips_Swarming_Stories
Row: 325 Title: Why Limit WIP?_Tips_Story assignment Index: Why_Limit_WIP__Tips_Story_assignment
Row: 326 Title: References Index: References
Row: 327 Title: Recommended Practices_Successful Retrospectives Index: Recommended_Practices_Successful_Retrospectives
Row: 328 Title: Recommended Practices_Example Retro Outline Index: Recommended_Practices_Example_Retro_Outline
Row: 329 Title: Recommended Practices_Organizing Retros Index: Recommended_Practices_Organizing_Retros
Row: 330 Title: Tips Index: Tips
Row: 331 Title: Known Impediments_"Typical" Retrospectives Index: Known_Impediments__Typical_Retrospectives
Row: 332 Title: Known Impediments_Psychological Safety Index: Known_Impediments_Psychological_Safety
Row: 333 Title: Recommended Practices Index: Recommended_Practices
Row: 334 Title: Tips Index: Tips
Row: 335 Title: References Index: References
Row: 336 Title: References_Cost of Delay Index: References_Cost_of_Delay
Row: 337 Title: References_Capacity Planning Index: References_Capacity_Planning
Row: 338 Title: References_Tips Index: References_Tips
Row: 339 Title: Make use of a Kanban board Index: Make_use_of_a_Kanban_board
Row: 340 Title: Make use of a Kanban board_Building a Kanban Board Index: Make_use_of_a_Kanban_board_Building_a_Kanban_Board
Row: 341 Title: Tips Index: Tips
Row: 342 Title: References Index: References
Query received
INFO:     127.0.0.1:56813 - "POST /query/ HTTP/1.1" 500 Internal Server Error
